<?xml version="1.0" encoding="UTF-8"?>
<!-- Generated by org.testng.reporters.JUnitReportReporter -->
<testsuite skipped="0" hostname="Tus-MacBook-Pro.local" name="com.dotdash.test.DnD" tests="2" failures="0" timestamp="20 Sep 2020 06:32:51 GMT" time="5.207" errors="0">
  <testcase name="able_to_dnd_left_to_right" time="2.615" classname="com.dotdash.test.DnD"/>
  <testcase name="able_to_dnd_right_to_left" time="2.592" classname="com.dotdash.test.DnD"/>
</testsuite> <!-- com.dotdash.test.DnD -->
