<?xml version="1.0" encoding="UTF-8"?>
<!-- Generated by org.testng.reporters.JUnitReportReporter -->
<testsuite skipped="0" hostname="Tus-MacBook-Pro.attlocal.net" name="com.dotdash.test.Login" tests="2" failures="0" timestamp="16 Sep 2020 05:36:36 GMT" time="0.592" errors="0">
  <testcase name="login_valid_creds" time="0.217" classname="com.dotdash.test.Login"/>
  <testcase name="login_invalid_creds" time="0.375" classname="com.dotdash.test.Login"/>
</testsuite> <!-- com.dotdash.test.Login -->
