<?xml version="1.0" encoding="UTF-8"?>
<!-- Generated by org.testng.reporters.JUnitReportReporter -->
<testsuite skipped="0" hostname="Tus-MacBook-Pro.local" name="com.dotdash.test.Login" tests="2" failures="0" timestamp="20 Sep 2020 06:32:51 GMT" time="0.539" errors="0">
  <testcase name="login_valid_creds" time="0.211" classname="com.dotdash.test.Login"/>
  <testcase name="login_invalid_creds" time="0.328" classname="com.dotdash.test.Login"/>
</testsuite> <!-- com.dotdash.test.Login -->
