<?xml version="1.0" encoding="UTF-8"?>
<!-- Generated by org.testng.reporters.JUnitReportReporter -->
<testsuite skipped="0" hostname="Tus-MacBook-Pro.local" name="com.dotdash.test.ContextMenu" tests="1" failures="0" timestamp="20 Sep 2020 06:32:51 GMT" time="0.946" errors="0">
  <testcase name="able_to_click_on_target_area" time="0.946" classname="com.dotdash.test.ContextMenu"/>
</testsuite> <!-- com.dotdash.test.ContextMenu -->
