<?xml version="1.0" encoding="UTF-8"?>
<!-- Generated by org.testng.reporters.JUnitReportReporter -->
<testsuite skipped="0" hostname="Tus-MacBook-Pro.attlocal.net" name="com.dotdash.test.CheckBoxes" tests="4" failures="0" timestamp="16 Sep 2020 05:36:36 GMT" time="0.179" errors="0">
  <testcase name="is_able_to_unselect_first_checkbox" time="0.035" classname="com.dotdash.test.CheckBoxes"/>
  <testcase name="is_able_to_select_first_checkbox" time="0.080" classname="com.dotdash.test.CheckBoxes"/>
  <testcase name="is_default_second_checkbox_selected" time="0.017" classname="com.dotdash.test.CheckBoxes"/>
  <testcase name="is_able_to_unselect_second_checkbox" time="0.047" classname="com.dotdash.test.CheckBoxes"/>
</testsuite> <!-- com.dotdash.test.CheckBoxes -->
