<?xml version="1.0" encoding="UTF-8"?>
<!-- Generated by org.testng.reporters.JUnitReportReporter -->
<testsuite skipped="0" hostname="Tus-MacBook-Pro.local" name="com.dotdash.test.CheckBoxes" tests="4" failures="0" timestamp="20 Sep 2020 06:32:51 GMT" time="0.153" errors="0">
  <testcase name="is_able_to_unselect_first_checkbox" time="0.033" classname="com.dotdash.test.CheckBoxes"/>
  <testcase name="is_able_to_select_first_checkbox" time="0.068" classname="com.dotdash.test.CheckBoxes"/>
  <testcase name="is_default_second_checkbox_selected" time="0.011" classname="com.dotdash.test.CheckBoxes"/>
  <testcase name="is_able_to_unselect_second_checkbox" time="0.041" classname="com.dotdash.test.CheckBoxes"/>
</testsuite> <!-- com.dotdash.test.CheckBoxes -->
